Library/Bee/Android/Prj/IL2CPP/Gradle/unityLibrary/build/intermediates/manifest_merge_blame_file/release/manifest-merger-blame-release-report.txt
1<?xml version="1.0" encoding="utf-8"?>
2<manifest xmlns:android="http://schemas.android.com/apk/res/android"
3    xmlns:tools="http://schemas.android.com/tools"
4    package="com.unity3d.player" >
5
6    <uses-sdk
7        android:minSdkVersion="29"
7-->src\main\AndroidManifest.xml
8        android:targetSdkVersion="32" />
8-->src\main\AndroidManifest.xml
9
10    <uses-permission android:name="android.permission.CAMERA" />
10-->src\main\AndroidManifest.xml:3:3-63
10-->src\main\AndroidManifest.xml:3:20-60
11    <uses-permission android:name="com.magicleap.permission.EYE_TRACKING" />
11-->src\main\AndroidManifest.xml:4:3-75
11-->src\main\AndroidManifest.xml:4:20-72
12    <uses-permission android:name="com.magicleap.permission.EYE_CAMERA" />
12-->src\main\AndroidManifest.xml:5:3-73
12-->src\main\AndroidManifest.xml:5:20-70
13    <uses-permission android:name="com.magicleap.permission.MARKER_TRACKING" />
13-->src\main\AndroidManifest.xml:6:3-78
13-->src\main\AndroidManifest.xml:6:20-75
14    <uses-permission android:name="com.magicleap.permission.SPATIAL_ANCHOR" />
14-->src\main\AndroidManifest.xml:7:3-77
14-->src\main\AndroidManifest.xml:7:20-74
15    <uses-permission android:name="android.permission.INTERNET" />
15-->src\main\AndroidManifest.xml:8:3-65
15-->src\main\AndroidManifest.xml:8:20-62
16
17    <uses-feature
17-->src\main\AndroidManifest.xml:9:3-90
18        android:name="android.hardware.vulkan.version"
18-->src\main\AndroidManifest.xml:9:17-63
19        android:required="true" />
19-->src\main\AndroidManifest.xml:9:64-87
20    <uses-feature
20-->src\main\AndroidManifest.xml:10:3-88
21        android:name="android.hardware.touchscreen"
21-->src\main\AndroidManifest.xml:10:17-60
22        android:required="false" />
22-->src\main\AndroidManifest.xml:10:61-85
23    <uses-feature
23-->src\main\AndroidManifest.xml:11:3-99
24        android:name="android.hardware.touchscreen.multitouch"
24-->src\main\AndroidManifest.xml:11:17-71
25        android:required="false" />
25-->src\main\AndroidManifest.xml:11:72-96
26    <uses-feature
26-->src\main\AndroidManifest.xml:12:3-108
27        android:name="android.hardware.touchscreen.multitouch.distinct"
27-->src\main\AndroidManifest.xml:12:17-80
28        android:required="false" />
28-->src\main\AndroidManifest.xml:12:81-105
29
30    <application android:extractNativeLibs="true" >
30-->src\main\AndroidManifest.xml:13:3-28:17
30-->src\main\AndroidManifest.xml:13:16-48
31        <meta-data
31-->src\main\AndroidManifest.xml:14:5-69
32            android:name="unity.splash-mode"
32-->src\main\AndroidManifest.xml:14:16-48
33            android:value="0" />
33-->src\main\AndroidManifest.xml:14:49-66
34        <meta-data
34-->src\main\AndroidManifest.xml:15:5-74
35            android:name="unity.splash-enable"
35-->src\main\AndroidManifest.xml:15:16-50
36            android:value="True" />
36-->src\main\AndroidManifest.xml:15:51-71
37        <meta-data
37-->src\main\AndroidManifest.xml:16:5-78
38            android:name="unity.launch-fullscreen"
38-->src\main\AndroidManifest.xml:16:16-54
39            android:value="True" />
39-->src\main\AndroidManifest.xml:16:55-75
40        <meta-data
40-->src\main\AndroidManifest.xml:17:5-81
41            android:name="notch.config"
41-->src\main\AndroidManifest.xml:17:16-43
42            android:value="portrait|landscape" />
42-->src\main\AndroidManifest.xml:17:44-78
43        <meta-data
43-->src\main\AndroidManifest.xml:18:5-84
44            android:name="unity.auto-report-fully-drawn"
44-->src\main\AndroidManifest.xml:18:16-60
45            android:value="true" />
45-->src\main\AndroidManifest.xml:18:61-81
46
47        <activity
47-->src\main\AndroidManifest.xml:19:5-27:16
48            android:name="com.unity3d.player.UnityPlayerActivity"
48-->src\main\AndroidManifest.xml:19:15-68
49            android:configChanges="mcc|mnc|locale|touchscreen|keyboard|keyboardHidden|navigation|orientation|screenLayout|uiMode|screenSize|smallestScreenSize|fontScale|layoutDirection|density"
49-->src\main\AndroidManifest.xml:19:180-361
50            android:exported="true"
50-->src\main\AndroidManifest.xml:19:433-456
51            android:hardwareAccelerated="false"
51-->src\main\AndroidManifest.xml:19:397-432
52            android:launchMode="singleTask"
52-->src\main\AndroidManifest.xml:19:148-179
53            android:resizeableActivity="false"
53-->src\main\AndroidManifest.xml:19:362-396
54            android:screenOrientation="fullUser"
54-->src\main\AndroidManifest.xml:19:111-147
55            android:theme="@style/UnityThemeSelector" >
55-->src\main\AndroidManifest.xml:19:69-110
56            <intent-filter>
56-->src\main\AndroidManifest.xml:20:7-23:23
57                <category android:name="android.intent.category.LAUNCHER" />
57-->src\main\AndroidManifest.xml:21:9-69
57-->src\main\AndroidManifest.xml:21:19-66
58
59                <action android:name="android.intent.action.MAIN" />
59-->src\main\AndroidManifest.xml:22:9-61
59-->src\main\AndroidManifest.xml:22:17-58
60            </intent-filter>
61
62            <meta-data
62-->src\main\AndroidManifest.xml:24:7-82
63                android:name="unityplayer.UnityActivity"
63-->src\main\AndroidManifest.xml:24:18-58
64                android:value="true" />
64-->src\main\AndroidManifest.xml:24:59-79
65            <meta-data
65-->src\main\AndroidManifest.xml:25:7-70
66                android:name="notch_support"
66-->src\main\AndroidManifest.xml:25:18-46
67                android:value="true" />
67-->src\main\AndroidManifest.xml:25:47-67
68            <meta-data
68-->src\main\AndroidManifest.xml:26:7-93
69                android:name="com.magicleap.augmented_reality_only"
69-->src\main\AndroidManifest.xml:26:18-69
70                android:value="true" />
70-->src\main\AndroidManifest.xml:26:70-90
71        </activity>
72    </application>
73
74</manifest>